<?xml version="1.0" encoding="UTF-8"?>
<testsuite name="MainTest" tests="1" skipped="0" failures="0" errors="0" timestamp="2020-03-17T14:47:39" hostname="DESKTOP-ADQLVND" time="0.004">
  <properties/>
  <testcase name="testSort" classname="MainTest" time="0.004"/>
  <system-out><![CDATA[]]></system-out>
  <system-err><![CDATA[]]></system-err>
</testsuite>
